***** 2023/08/15 14:57:45 *****
QE Version                                        :3.3.0.v20230526-0659
Project Path                                      :C:\Users\a5126135\Dev\Temporary\2023_07_LABS_HMI\IAQ_HMI
Configuration File                                :IAQ_HMI
IDE                                               :e2 studio with Emulator
Emulator                                          :
MCU                                               :RL78G23 R7F100GGNxFB
<< METHOD 0 >>
[Button(self) 0]
TS                                                : TS25,

<<<< Tuning Type : Normal >>>>
System Clock Frequency (MHz)                      :32.000
PCLKB Frequency (MHz)                             :32.000
CTSU Operating Frequency (MHz)                    :32.000
Operating Voltage (V)                             :1.800

---------- Phase1 ----------
<< METHOD 0 >>
[TS25]
Count Value                                       : 1251
Resistance Value (ohm)                            : 560
Parasitic Capacitance (pF)                        : 8.6875
Sensor Drive Pulse Frequency (MHz)                : 4.0


---------- Phase2 ----------
<< METHOD 0 >>
[TS25]
Sensor Drive Pulse Frequency (MHz)                : 4.0
CTSUSNUM                                          : 15
CTSUSDPA                                          : 3
CTSUSO                                            : 239


---------- Phase3 ----------
<< METHOD 0 >>
[Button(self) 0]
  << TS25 >>
  Count Value (Off)                               : 15318
  Count Value (On)                                : 16508
  Threshold                                       : 714
  Hysteresis                                      : 35

